Copyright 1986-2016 Xilinx, Inc. All Rights Reserved.
-----------------------------------------------------------------------------------------------------------------------------
| Tool Version : Vivado v.2016.3 (lin64) Build 1682563 Mon Oct 10 19:07:26 MDT 2016
| Date         : Sat Dec 17 17:23:14 2016
| Host         : Lappytoppy running 64-bit Linux Mint 17.2 Rafaela
| Command      : report_methodology -file top_wrapper_methodology_drc_routed.rpt -rpx top_wrapper_methodology_drc_routed.rpx
| Design       : top_wrapper
| Device       : xc7z010clg400-1
| Speed File   : -1
| Design State : Routed
-----------------------------------------------------------------------------------------------------------------------------

Report Methodology

Table of Contents
-----------------
1. REPORT SUMMARY
2. REPORT DETAILS

1. REPORT SUMMARY
-----------------
            Netlist: netlist
          Floorplan: design_1
      Design limits: <entire design considered>
             Max violations: <unlimited>
             Violations found: 7
+-----------+----------+-------------------------------+------------+
| Rule      | Severity | Description                   | Violations |
+-----------+----------+-------------------------------+------------+
| TIMING-9  | Warning  | Unknown CDC Logic             | 1          |
| TIMING-18 | Warning  | Missing input or output delay | 6          |
+-----------+----------+-------------------------------+------------+

2. REPORT DETAILS
-----------------
TIMING-9#1 Warning
Unknown CDC Logic  
One or more asynchronous Clock Domain Crossing has been detected between 2 clock domains through a set_false_path or a set_clock_groups or set_max_delay -datapath_only constraint but no double-registers logic synchronizer has been found on the side of the capture clock. It is recommended to run report_cdc for a complete and detailed CDC coverage
Related violations: <none>

TIMING-18#1 Warning
Missing input or output delay  
An input delay is missing on SDATA_I[0] relative to clock(s) clk_fpga_1 
Related violations: <none>

TIMING-18#2 Warning
Missing input or output delay  
An output delay is missing on BCLK_O[0] relative to clock(s) clk_fpga_1 
Related violations: <none>

TIMING-18#3 Warning
Missing input or output delay  
An output delay is missing on LRCLK_O[0] relative to clock(s) clk_fpga_1 
Related violations: <none>

TIMING-18#4 Warning
Missing input or output delay  
An output delay is missing on LRCLK_O_1[0] relative to clock(s) clk_fpga_1 
Related violations: <none>

TIMING-18#5 Warning
Missing input or output delay  
An output delay is missing on MUTEN_O relative to clock(s) clk_fpga_0 
Related violations: <none>

TIMING-18#6 Warning
Missing input or output delay  
An output delay is missing on SDATA_O[0] relative to clock(s) clk_fpga_1 
Related violations: <none>


